<?xml version="1.0" encoding="UTF-8" ?>
<testsuite errors="0" failures="0" hostname="Yasin" name="database.DatabaseHelperTest" skipped="0" tests="24" time="4.359" timestamp="2024-05-12T13:06:27">
  <properties>
[...]
</properties>
  <testcase classname="database.DatabaseHelperTest" name="testClearSectionsByCourseID" time="0.003" />
  <testcase classname="database.DatabaseHelperTest" name="testAddWorkingHourForInstructor" time="0.974" />
  <testcase classname="database.DatabaseHelperTest" name="testDeleteCraft" time="0.14" />
  <testcase classname="database.DatabaseHelperTest" name="testSelectAllCrafts" time="0.002" />
  <testcase classname="database.DatabaseHelperTest" name="testUpdateStudent" time="0.263" />
  <testcase classname="database.DatabaseHelperTest" name="testUpdateCraft" time="0.131" />
  <testcase classname="database.DatabaseHelperTest" name="testDeleteInstructor" time="0.246" />
  <testcase classname="database.DatabaseHelperTest" name="testGetStudentID" time="0.001" />
  <testcase classname="database.DatabaseHelperTest" name="testUpdateInstructor" time="0.159" />
  <testcase classname="database.DatabaseHelperTest" name="testSelectCraftsForCourseCreation" time="0.002" />
  <testcase classname="database.DatabaseHelperTest" name="testAddCraft" time="0.28" />
  <testcase classname="database.DatabaseHelperTest" name="testGetStudentNameandSurname" time="0.002" />
  <testcase classname="database.DatabaseHelperTest" name="testSelectInstructorsForCourseCreation" time="0.004" />
  <testcase classname="database.DatabaseHelperTest" name="testClearRegistrationsByCourseID" time="0.001" />
  <testcase classname="database.DatabaseHelperTest" name="testDeleteCourse" time="0.361" />
  <testcase classname="database.DatabaseHelperTest" name="testDeleteStudent" time="0.16" />
  <testcase classname="database.DatabaseHelperTest" name="testAddCraftsForInstructor" time="0.281" />
  <testcase classname="database.DatabaseHelperTest" name="testConnectDB" time="0.001" />
  <testcase classname="database.DatabaseHelperTest" name="testCheckIfItsCompatible" time="0.002" />
  <testcase classname="database.DatabaseHelperTest" name="testAddRegistration" time="0.031" />
  <testcase classname="database.DatabaseHelperTest" name="testRegisterInstructor" time="0.219" />
  <testcase classname="database.DatabaseHelperTest" name="testInsertCourse" time="0.135" />
  <testcase classname="database.DatabaseHelperTest" name="testGetCraftsByCourseID" time="0.003" />
  <testcase classname="database.DatabaseHelperTest" name="testRegisterStudent" time="0.532" />
  <system-out><![CDATA[Registration added successfully!
]]></system-out>
  <system-err><![CDATA[]]></system-err>
</testsuite>
